"/Users/yinguanyu/Documents/Unreal Projects/UE4TencentProject/Content/Mannequin/Character/Materials/MaterialLayers/T_ML_Rubber_Blue_01_N.uasset" 0
"/Users/yinguanyu/Documents/Unreal Projects/UE4TencentProject/Content/Mannequin/Character/Materials/MaterialLayers/T_ML_Rubber_Blue_01_N.uexp" 1
"/Users/yinguanyu/Documents/Unreal Projects/UE4TencentProject/Content/Mannequin/Character/Materials/MaterialLayers/T_ML_Rubber_Blue_01_N.ubulk" 2
"/Users/yinguanyu/Documents/Unreal Projects/UE4TencentProject/Content/Mannequin/Character/Materials/MaterialLayers/T_ML_Rubber_Blue_01_D.uasset" 3
"/Users/yinguanyu/Documents/Unreal Projects/UE4TencentProject/Content/Mannequin/Character/Materials/MaterialLayers/T_ML_Rubber_Blue_01_D.uexp" 4
"/Users/yinguanyu/Documents/Unreal Projects/UE4TencentProject/Content/Mannequin/Character/Materials/MaterialLayers/T_ML_Rubber_Blue_01_D.ubulk" 5
"/Users/yinguanyu/Documents/Unreal Projects/UE4TencentProject/Content/Mannequin/Character/Materials/MaterialLayers/T_ML_Aluminum01_N.uasset" 6
"/Users/yinguanyu/Documents/Unreal Projects/UE4TencentProject/Content/Mannequin/Character/Materials/MaterialLayers/T_ML_Aluminum01_N.uexp" 7
"/Users/yinguanyu/Documents/Unreal Projects/UE4TencentProject/Content/Mannequin/Character/Materials/MaterialLayers/T_ML_Aluminum01_N.ubulk" 8
"/Users/yinguanyu/Documents/Unreal Projects/UE4TencentProject/Content/Mannequin/Character/Materials/MaterialLayers/T_ML_Aluminum01.uasset" 9
"/Users/yinguanyu/Documents/Unreal Projects/UE4TencentProject/Content/Mannequin/Character/Materials/MaterialLayers/T_ML_Aluminum01.uexp" 10
"/Users/yinguanyu/Documents/Unreal Projects/UE4TencentProject/Content/Mannequin/Character/Materials/MaterialLayers/T_ML_Aluminum01.ubulk" 11
"/Users/yinguanyu/Documents/Unreal Projects/UE4TencentProject/Content/Mannequin/Character/Textures/T_Female_N.uasset" 12
"/Users/yinguanyu/Documents/Unreal Projects/UE4TencentProject/Content/Mannequin/Character/Textures/T_Female_N.uexp" 13
"/Users/yinguanyu/Documents/Unreal Projects/UE4TencentProject/Content/Mannequin/Character/Textures/T_Female_N.ubulk" 14
"/Users/yinguanyu/Documents/Unreal Projects/UE4TencentProject/Content/Mannequin/Character/Textures/T_Male_N.uasset" 15
"/Users/yinguanyu/Documents/Unreal Projects/UE4TencentProject/Content/Mannequin/Character/Textures/T_Male_N.uexp" 16
"/Users/yinguanyu/Documents/Unreal Projects/UE4TencentProject/Content/Mannequin/Character/Textures/T_Male_N.ubulk" 17
"/Users/yinguanyu/Documents/Unreal Projects/UE4TencentProject/Content/Mannequin/Character/Textures/T_Female_Mask.uasset" 18
"/Users/yinguanyu/Documents/Unreal Projects/UE4TencentProject/Content/Mannequin/Character/Textures/T_Female_Mask.uexp" 19
"/Users/yinguanyu/Documents/Unreal Projects/UE4TencentProject/Content/Mannequin/Character/Textures/T_Female_Mask.ubulk" 20
"/Users/yinguanyu/Documents/Unreal Projects/UE4TencentProject/Content/Mannequin/Character/Textures/T_UE4Logo_Mask.uasset" 21
"/Users/yinguanyu/Documents/Unreal Projects/UE4TencentProject/Content/Mannequin/Character/Textures/T_UE4Logo_Mask.uexp" 22
"/Users/yinguanyu/Documents/Unreal Projects/UE4TencentProject/Content/Mannequin/Character/Textures/T_UE4Logo_Mask.ubulk" 23
"/Users/yinguanyu/Documents/Unreal Projects/UE4TencentProject/Content/Mannequin/Character/Textures/T_Male_Mask.uasset" 24
"/Users/yinguanyu/Documents/Unreal Projects/UE4TencentProject/Content/Mannequin/Character/Textures/T_Male_Mask.uexp" 25
"/Users/yinguanyu/Documents/Unreal Projects/UE4TencentProject/Content/Mannequin/Character/Textures/T_Male_Mask.ubulk" 26
"/Users/yinguanyu/Documents/Unreal Projects/UE4TencentProject/Content/Mannequin/Character/Materials/MaterialLayers/ML_SoftMetal_UE4.uasset" 27
"/Users/yinguanyu/Documents/Unreal Projects/UE4TencentProject/Content/Mannequin/Character/Materials/MaterialLayers/ML_SoftMetal_UE4.uexp" 28
"/Users/yinguanyu/Documents/Unreal Projects/UE4TencentProject/Content/Mannequin/Character/Materials/MaterialLayers/ML_Plastic_Shiny_Beige_LOGO.uasset" 29
"/Users/yinguanyu/Documents/Unreal Projects/UE4TencentProject/Content/Mannequin/Character/Materials/MaterialLayers/ML_Plastic_Shiny_Beige_LOGO.uexp" 30
"/Users/yinguanyu/Documents/Unreal Projects/UE4TencentProject/Content/Mannequin/Character/Materials/MaterialLayers/ML_Plastic_Shiny_Beige.uasset" 31
"/Users/yinguanyu/Documents/Unreal Projects/UE4TencentProject/Content/Mannequin/Character/Materials/MaterialLayers/ML_Plastic_Shiny_Beige.uexp" 32
"/Users/yinguanyu/Documents/Unreal Projects/UE4TencentProject/Content/Mannequin/Character/Materials/MaterialLayers/ML_GlossyBlack_Latex_UE4.uasset" 33
"/Users/yinguanyu/Documents/Unreal Projects/UE4TencentProject/Content/Mannequin/Character/Materials/MaterialLayers/ML_GlossyBlack_Latex_UE4.uexp" 34
"../../../Engine/Content/Functions/MaterialLayerFunctions/MatLayerBlend_Simple.uasset" 35
"../../../Engine/Content/Functions/MaterialLayerFunctions/MatLayerBlend_Simple.uexp" 36
"../../../Engine/Content/Functions/Engine_MaterialFunctions02/Utility/BlendAngleCorrectedNormals.uasset" 37
"../../../Engine/Content/Functions/Engine_MaterialFunctions02/Utility/BlendAngleCorrectedNormals.uexp" 38
"../../../Engine/Content/Functions/MaterialLayerFunctions/MatLayerBlend_NormalBlend.uasset" 39
"../../../Engine/Content/Functions/MaterialLayerFunctions/MatLayerBlend_NormalBlend.uexp" 40
"/Users/yinguanyu/Documents/Unreal Projects/UE4TencentProject/Content/Mannequin/Character/Materials/M_Male_Body.uasset" 41
"/Users/yinguanyu/Documents/Unreal Projects/UE4TencentProject/Content/Mannequin/Character/Materials/M_Male_Body.uexp" 42
"/Users/yinguanyu/Documents/Unreal Projects/UE4TencentProject/Content/Mannequin/Character/Materials/MI_Female_Body.uasset" 43
"/Users/yinguanyu/Documents/Unreal Projects/UE4TencentProject/Content/Mannequin/Character/Materials/MI_Female_Body.uexp" 44
"/Users/yinguanyu/Documents/Unreal Projects/UE4TencentProject/Content/Mannequin/Character/Mesh/SK_Mannequin_Female_PhysicsAsset.uasset" 45
"/Users/yinguanyu/Documents/Unreal Projects/UE4TencentProject/Content/Mannequin/Character/Mesh/SK_Mannequin_Female_PhysicsAsset.uexp" 46
"/Users/yinguanyu/Documents/Unreal Projects/UE4TencentProject/Content/Mannequin/Character/Mesh/UE4_Mannequin_Skeleton.uasset" 47
"/Users/yinguanyu/Documents/Unreal Projects/UE4TencentProject/Content/Mannequin/Character/Mesh/UE4_Mannequin_Skeleton.uexp" 48
"/Users/yinguanyu/Documents/Unreal Projects/UE4TencentProject/Content/Mannequin/Character/Textures/T_UE4Logo_N.uasset" 49
"/Users/yinguanyu/Documents/Unreal Projects/UE4TencentProject/Content/Mannequin/Character/Textures/T_UE4Logo_N.uexp" 50
"/Users/yinguanyu/Documents/Unreal Projects/UE4TencentProject/Content/Mannequin/Character/Textures/T_UE4Logo_N.ubulk" 51
"/Users/yinguanyu/Documents/Unreal Projects/UE4TencentProject/Content/Mannequin/Character/Materials/M_UE4Man_ChestLogo.uasset" 52
"/Users/yinguanyu/Documents/Unreal Projects/UE4TencentProject/Content/Mannequin/Character/Materials/M_UE4Man_ChestLogo.uexp" 53
"/Users/yinguanyu/Documents/Unreal Projects/UE4TencentProject/Content/Mannequin/Character/Mesh/SK_Mannequin_Female.uasset" 54
"/Users/yinguanyu/Documents/Unreal Projects/UE4TencentProject/Content/Mannequin/Character/Mesh/SK_Mannequin_Female.uexp" 55
"/Users/yinguanyu/Documents/Unreal Projects/UE4TencentProject/Content/Mannequin/Animations/ThirdPersonJump_End.uasset" 56
"/Users/yinguanyu/Documents/Unreal Projects/UE4TencentProject/Content/Mannequin/Animations/ThirdPersonJump_End.uexp" 57
"../../../Engine/Content/Maps/Templates/Thumbnails/Default.uasset" 58
"../../../Engine/Content/Maps/Templates/Thumbnails/Default.uexp" 59
"../../../Engine/Content/Maps/Templates/Thumbnails/TimeOfDay.uasset" 60
"../../../Engine/Content/Maps/Templates/Thumbnails/TimeOfDay.uexp" 61
"../../../Engine/Content/Maps/Templates/Thumbnails/VR-Basic.uasset" 62
"../../../Engine/Content/Maps/Templates/Thumbnails/VR-Basic.uexp" 63
"../../../Engine/Content/MobileResources/T_MobileControls_texture.uasset" 64
"../../../Engine/Content/MobileResources/T_MobileControls_texture.uexp" 65
"../../../Engine/Content/MobileResources/T_MobileMenu2.uasset" 66
"../../../Engine/Content/MobileResources/T_MobileMenu2.uexp" 67
"../../../Engine/Content/MobileResources/HUD/MobileHUDDirectionPad3.uasset" 68
"../../../Engine/Content/MobileResources/HUD/MobileHUDDirectionPad3.uexp" 69
"../../../Engine/Content/MobileResources/HUD/MobileHUDButton2_off.uasset" 70
"../../../Engine/Content/MobileResources/HUD/MobileHUDButton2_off.uexp" 71
"../../../Engine/Content/MobileResources/HUD/MobileHUDButton3.uasset" 72
"../../../Engine/Content/MobileResources/HUD/MobileHUDButton3.uexp" 73
"../../../Engine/Content/MobileResources/HUD/T_Castle_ThumbstickInner.uasset" 74
"../../../Engine/Content/MobileResources/HUD/T_Castle_ThumbstickInner.uexp" 75
"../../../Engine/Content/MobileResources/HUD/MobileHUDDirectionStick.uasset" 76
"../../../Engine/Content/MobileResources/HUD/MobileHUDDirectionStick.uexp" 77
"../../../Engine/Content/MobileResources/HUD/VirtualJoystick_Thumb.uasset" 78
"../../../Engine/Content/MobileResources/HUD/VirtualJoystick_Thumb.uexp" 79
"../../../Engine/Content/MobileResources/HUD/VirtualJoystick_Background.uasset" 80
"../../../Engine/Content/MobileResources/HUD/VirtualJoystick_Background.uexp" 81
"../../../Engine/Content/MobileResources/HUD/DefaultVirtualJoysticks.uasset" 82
"../../../Engine/Content/MobileResources/HUD/DefaultVirtualJoysticks.uexp" 83
"../../../Engine/Content/MobileResources/HUD/T_Castle_ThumbstickOutter.uasset" 84
"../../../Engine/Content/MobileResources/HUD/T_Castle_ThumbstickOutter.uexp" 85
"../../../Engine/Content/MobileResources/HUD/MobileHUDButton2_on.uasset" 86
"../../../Engine/Content/MobileResources/HUD/MobileHUDButton2_on.uexp" 87
"../../../Engine/Content/MobileResources/HUD/MobileHUDDirectionPad2.uasset" 88
"../../../Engine/Content/MobileResources/HUD/MobileHUDDirectionPad2.uexp" 89
"../../../Engine/Content/MobileResources/HUD/MobileHUDDirectionPad.uasset" 90
"../../../Engine/Content/MobileResources/HUD/MobileHUDDirectionPad.uexp" 91
"../../../Engine/Content/MobileResources/HUD/AnalogHat.uasset" 92
"../../../Engine/Content/MobileResources/HUD/AnalogHat.uexp" 93
"../../../Engine/Content/MobileResources/HUD/MobileHUDButton1_on.uasset" 94
"../../../Engine/Content/MobileResources/HUD/MobileHUDButton1_on.uexp" 95
"../../../Engine/Content/MobileResources/HUD/MobileHUDButtonFire.uasset" 96
"../../../Engine/Content/MobileResources/HUD/MobileHUDButtonFire.uexp" 97
"../../../Engine/Content/MobileResources/HUD/LeftVirtualJoystickOnly.uasset" 98
"../../../Engine/Content/MobileResources/HUD/LeftVirtualJoystickOnly.uexp" 99
"../../../Engine/Content/MobileResources/HUD/MobileHUDButton1_off.uasset" 100
"../../../Engine/Content/MobileResources/HUD/MobileHUDButton1_off.uexp" 101
"../../../Engine/Content/Tutorial/ContentIntroCurve.uasset" 102
"../../../Engine/Content/Tutorial/ContentIntroCurve.uexp" 103
"../../../Engine/Content/EngineResources/DefaultTextureCube.uasset" 104
"../../../Engine/Content/EngineResources/DefaultTextureCube.uexp" 105
"../../../Engine/Content/EngineResources/DefaultTexture.uasset" 106
"../../../Engine/Content/EngineResources/DefaultTexture.uexp" 107
"../../../Engine/Content/EngineResources/DefaultTexture.ubulk" 108
"../../../Engine/Content/EngineResources/Black.uasset" 109
"../../../Engine/Content/EngineResources/Black.uexp" 110
"../../../Engine/Content/EngineResources/DefaultVolumeTexture2D.uasset" 111
"../../../Engine/Content/EngineResources/DefaultVolumeTexture2D.uexp" 112
"../../../Engine/Content/EngineResources/DefaultVolumeTexture.uasset" 113
"../../../Engine/Content/EngineResources/DefaultVolumeTexture.uexp" 114
"../../../Engine/Content/EngineResources/GradientTexture0.uasset" 115
"../../../Engine/Content/EngineResources/GradientTexture0.uexp" 116
"../../../Engine/Content/EditorLandscapeResources/DataLayer.uasset" 117
"../../../Engine/Content/EditorLandscapeResources/DataLayer.uexp" 118
"../../../Engine/Content/EditorLandscapeResources/DefaultAlphaTexture.uasset" 119
"../../../Engine/Content/EditorLandscapeResources/DefaultAlphaTexture.uexp" 120
"../../../Engine/Content/EditorMaterials/Camera/CineMat.uasset" 121
"../../../Engine/Content/EditorMaterials/Camera/CineMat.uexp" 122
"../../../Engine/Content/EditorMaterials/Camera/MI_CineMat_Rig.uasset" 123
"../../../Engine/Content/EditorMaterials/Camera/MI_CineMat_Rig.uexp" 124
"../../../Engine/Content/EditorMeshes/Camera/SM_CraneRig_Body.uasset" 125
"../../../Engine/Content/EditorMeshes/Camera/SM_CraneRig_Body.uexp" 126
"../../../Engine/Content/EditorMeshes/Camera/SM_RailRig_Mount.uasset" 127
"../../../Engine/Content/EditorMeshes/Camera/SM_RailRig_Mount.uexp" 128
"../../../Engine/Content/EditorMeshes/Camera/SM_CraneRig_Base.uasset" 129
"../../../Engine/Content/EditorMeshes/Camera/SM_CraneRig_Base.uexp" 130
"../../../Engine/Content/EditorMeshes/Camera/SM_CraneRig_Mount.uasset" 131
"../../../Engine/Content/EditorMeshes/Camera/SM_CraneRig_Mount.uexp" 132
"../../../Engine/Content/EditorMeshes/Camera/SM_CraneRig_Arm.uasset" 133
"../../../Engine/Content/EditorMeshes/Camera/SM_CraneRig_Arm.uexp" 134
"../../../Engine/Content/EditorMeshes/Camera/SM_RailRig_Track.uasset" 135
"../../../Engine/Content/EditorMeshes/Camera/SM_RailRig_Track.uexp" 136
"../../../Engine/Content/EngineFonts/Faces/RobotoRegular.uasset" 137
"../../../Engine/Content/EngineFonts/Faces/RobotoRegular.uexp" 138
"../../../Engine/Content/EngineFonts/Faces/RobotoRegular.ufont" 139
"../../../Engine/Content/EngineFonts/Faces/RobotoLight.uasset" 140
"../../../Engine/Content/EngineFonts/Faces/RobotoLight.uexp" 141
"../../../Engine/Content/EngineFonts/Faces/RobotoLight.ufont" 142
"../../../Engine/Content/EngineFonts/Faces/RobotoItalic.uasset" 143
"../../../Engine/Content/EngineFonts/Faces/RobotoItalic.uexp" 144
"../../../Engine/Content/EngineFonts/Faces/RobotoItalic.ufont" 145
"../../../Engine/Content/EngineFonts/Faces/RobotoBoldItalic.uasset" 146
"../../../Engine/Content/EngineFonts/Faces/RobotoBoldItalic.uexp" 147
"../../../Engine/Content/EngineFonts/Faces/RobotoBoldItalic.ufont" 148
"../../../Engine/Content/EngineFonts/Faces/RobotoBold.uasset" 149
"../../../Engine/Content/EngineFonts/Faces/RobotoBold.uexp" 150
"../../../Engine/Content/EngineFonts/Faces/RobotoBold.ufont" 151
"../../../Engine/Content/EngineFonts/Faces/DroidSansFallback.uasset" 152
"../../../Engine/Content/EngineFonts/Faces/DroidSansFallback.uexp" 153
"../../../Engine/Content/EngineFonts/Faces/DroidSansFallback.ufont" 154
"../../../Engine/Content/EngineFonts/Roboto.uasset" 155
"../../../Engine/Content/EngineFonts/Roboto.uexp" 156
"../../../Engine/Content/EngineDamageTypes/DmgTypeBP_Environmental.uasset" 157
"../../../Engine/Content/EngineDamageTypes/DmgTypeBP_Environmental.uexp" 158
"../../../Engine/Content/EngineMaterials/T_Default_Material_Grid_N.uasset" 159
"../../../Engine/Content/EngineMaterials/T_Default_Material_Grid_N.uexp" 160
"../../../Engine/Content/EngineMaterials/T_Default_Material_Grid_N.ubulk" 161
"../../../Engine/Content/EngineMaterials/T_Default_Material_Grid_M.uasset" 162
"../../../Engine/Content/EngineMaterials/T_Default_Material_Grid_M.uexp" 163
"../../../Engine/Content/EngineMaterials/T_Default_Material_Grid_M.ubulk" 164
"../../../Engine/Content/Functions/Engine_MaterialFunctions01/Opacity/CameraDepthFade.uasset" 165
"../../../Engine/Content/Functions/Engine_MaterialFunctions01/Opacity/CameraDepthFade.uexp" 166
"../../../Engine/Content/EngineMaterials/WorldGridMaterial.uasset" 167
"../../../Engine/Content/EngineMaterials/WorldGridMaterial.uexp" 168
"../../../Engine/Content/ArtTools/RenderToTexture/Meshes/S_1_Unit_Plane.uasset" 169
"../../../Engine/Content/ArtTools/RenderToTexture/Meshes/S_1_Unit_Plane.uexp" 170
"../../../Engine/Content/Animation/DefaultAnimCurveCompressionSettings.uasset" 171
"../../../Engine/Content/Animation/DefaultAnimCurveCompressionSettings.uexp" 172
"../../../Engine/Content/Animation/DefaultAnimBoneCompressionSettings.uasset" 173
"../../../Engine/Content/Animation/DefaultAnimBoneCompressionSettings.uexp" 174
"../../../Engine/Content/EngineMaterials/DefaultCalibrationGrayscale.uasset" 175
"../../../Engine/Content/EngineMaterials/DefaultCalibrationGrayscale.uexp" 176
"../../../Engine/Content/EngineMaterials/PPM_DefaultCalibrationGrayscale.uasset" 177
"../../../Engine/Content/EngineMaterials/PPM_DefaultCalibrationGrayscale.uexp" 178
"../../../Engine/Content/EngineResources/WhiteSquareTexture.uasset" 179
"../../../Engine/Content/EngineResources/WhiteSquareTexture.uexp" 180
"../../../Engine/Content/EngineMaterials/Widget3DPassThrough.uasset" 181
"../../../Engine/Content/EngineMaterials/Widget3DPassThrough.uexp" 182
"../../../Engine/Content/EngineMaterials/Widget3DPassThrough_Masked.uasset" 183
"../../../Engine/Content/EngineMaterials/Widget3DPassThrough_Masked.uexp" 184
"../../../Engine/Content/EngineMaterials/WeightMapPlaceholderTexture.uasset" 185
"../../../Engine/Content/EngineMaterials/WeightMapPlaceholderTexture.uexp" 186
"../../../Engine/Content/EngineMaterials/Widget3DPassThrough_Translucent.uasset" 187
"../../../Engine/Content/EngineMaterials/Widget3DPassThrough_Translucent.uexp" 188
"../../../Engine/Content/EngineMaterials/Widget3DPassThrough_Translucent_OneSided.uasset" 189
"../../../Engine/Content/EngineMaterials/Widget3DPassThrough_Translucent_OneSided.uexp" 190
"../../../Engine/Content/EngineMaterials/DefaultCalibrationColor.uasset" 191
"../../../Engine/Content/EngineMaterials/DefaultCalibrationColor.uexp" 192
"../../../Engine/Content/EngineMaterials/PPM_DefaultCalibrationColor.uasset" 193
"../../../Engine/Content/EngineMaterials/PPM_DefaultCalibrationColor.uexp" 194
"../../../Engine/Content/Functions/Engine_MaterialFunctions02/WorldPositionOffset/CameraOffset.uasset" 195
"../../../Engine/Content/Functions/Engine_MaterialFunctions02/WorldPositionOffset/CameraOffset.uexp" 196
"../../../Engine/Content/EngineMaterials/PhAT_JointLimitMaterial.uasset" 197
"../../../Engine/Content/EngineMaterials/PhAT_JointLimitMaterial.uexp" 198
"../../../Engine/Content/EngineMaterials/GizmoMaterial.uasset" 199
"../../../Engine/Content/EngineMaterials/GizmoMaterial.uexp" 200
"../../../Engine/Content/EngineMaterials/BlueNoise.uasset" 201
"../../../Engine/Content/EngineMaterials/BlueNoise.uexp" 202
"../../../Engine/Content/EngineMaterials/DefaultWhiteGrid_Low.uasset" 203
"../../../Engine/Content/EngineMaterials/DefaultWhiteGrid_Low.uexp" 204
"../../../Engine/Content/EngineMaterials/EmissiveMeshMaterial.uasset" 205
"../../../Engine/Content/EngineMaterials/EmissiveMeshMaterial.uexp" 206
"../../../Engine/Content/EngineMaterials/Widget3DPassThrough_Opaque.uasset" 207
"../../../Engine/Content/EngineMaterials/Widget3DPassThrough_Opaque.uexp" 208
"../../../Engine/Content/EngineMaterials/Widget3DPassThrough_Masked_OneSided.uasset" 209
"../../../Engine/Content/EngineMaterials/Widget3DPassThrough_Masked_OneSided.uexp" 210
"../../../Engine/Content/EngineMaterials/Good64x64TilingNoiseHighFreq.uasset" 211
"../../../Engine/Content/EngineMaterials/Good64x64TilingNoiseHighFreq.uexp" 212
"../../../Engine/Content/EngineMaterials/DefaultBloomKernel.uasset" 213
"../../../Engine/Content/EngineMaterials/DefaultBloomKernel.uexp" 214
"../../../Engine/Content/EngineMaterials/RemoveSurfaceMaterial.uasset" 215
"../../../Engine/Content/EngineMaterials/RemoveSurfaceMaterial.uexp" 216
"../../../Engine/Content/EngineMaterials/DefaultDiffuse.uasset" 217
"../../../Engine/Content/EngineMaterials/DefaultDiffuse.uexp" 218
"../../../Engine/Content/EngineMaterials/DefaultDiffuse.ubulk" 219
"../../../Engine/Content/EngineMaterials/DefaultDeferredDecalMaterial.uasset" 220
"../../../Engine/Content/EngineMaterials/DefaultDeferredDecalMaterial.uexp" 221
"../../../Engine/Content/Functions/Engine_MaterialFunctions02/Utility/BreakOutFloat2Components.uasset" 222
"../../../Engine/Content/Functions/Engine_MaterialFunctions02/Utility/BreakOutFloat2Components.uexp" 223
"../../../Engine/Content/EngineMaterials/DefaultPostProcessMaterial.uasset" 224
"../../../Engine/Content/EngineMaterials/DefaultPostProcessMaterial.uexp" 225
"../../../Engine/Content/EngineMaterials/DefaultPhysicalMaterial.uasset" 226
"../../../Engine/Content/EngineMaterials/DefaultPhysicalMaterial.uexp" 227
"../../../Engine/Content/EngineMaterials/BaseFlattenNormalMap.uasset" 228
"../../../Engine/Content/EngineMaterials/BaseFlattenNormalMap.uexp" 229
"../../../Engine/Content/EngineMaterials/BaseFlattenEmissiveMap.uasset" 230
"../../../Engine/Content/EngineMaterials/BaseFlattenEmissiveMap.uexp" 231
"../../../Engine/Content/EngineMaterials/BaseFlattenGrayscaleMap.uasset" 232
"../../../Engine/Content/EngineMaterials/BaseFlattenGrayscaleMap.uexp" 233
"../../../Engine/Content/EngineMaterials/BaseFlattenDiffuseMap.uasset" 234
"../../../Engine/Content/EngineMaterials/BaseFlattenDiffuseMap.uexp" 235
"../../../Engine/Content/EngineMaterials/BaseFlattenMaterial.uasset" 236
"../../../Engine/Content/EngineMaterials/BaseFlattenMaterial.uexp" 237
"../../../Engine/Content/EngineMaterials/InvalidLightmapSettings.uasset" 238
"../../../Engine/Content/EngineMaterials/InvalidLightmapSettings.uexp" 239
"../../../Engine/Content/EngineMaterials/InvalidLightmapSettings.ubulk" 240
"../../../Engine/Content/EngineMaterials/M_InvalidLightmapSettings.uasset" 241
"../../../Engine/Content/EngineMaterials/M_InvalidLightmapSettings.uexp" 242
"../../../Engine/Content/EngineFonts/RobotoDistanceField.uasset" 243
"../../../Engine/Content/EngineFonts/RobotoDistanceField.uexp" 244
"../../../Engine/Content/EngineMaterials/DefaultTextMaterialOpaque.uasset" 245
"../../../Engine/Content/EngineMaterials/DefaultTextMaterialOpaque.uexp" 246
"../../../Engine/Content/EngineMaterials/PreintegratedSkinBRDF.uasset" 247
"../../../Engine/Content/EngineMaterials/PreintegratedSkinBRDF.uexp" 248
"../../../Engine/Content/EngineMaterials/Widget3DPassThrough_Opaque_OneSided.uasset" 249
"../../../Engine/Content/EngineMaterials/Widget3DPassThrough_Opaque_OneSided.uexp" 250
"../../../Engine/Content/EngineMaterials/DefaultBokeh.uasset" 251
"../../../Engine/Content/EngineMaterials/DefaultBokeh.uexp" 252
"../../../Engine/Content/EngineMaterials/DefaultLightFunctionMaterial.uasset" 253
"../../../Engine/Content/EngineMaterials/DefaultLightFunctionMaterial.uexp" 254
"../../../Engine/Content/EngineMaterials/MiniFont.uasset" 255
"../../../Engine/Content/EngineMaterials/MiniFont.uexp" 256
"../../../Engine/Content/EngineMaterials/DefaultWhiteGrid.uasset" 257
"../../../Engine/Content/EngineMaterials/DefaultWhiteGrid.uexp" 258
"../../../Engine/Content/EngineMaterials/DefaultWhiteGrid.ubulk" 259
"../../../Engine/Content/EngineDebugMaterials/DebugEditorMaterial.uasset" 260
"../../../Engine/Content/EngineDebugMaterials/DebugEditorMaterial.uexp" 261
"../../../Engine/Content/Functions/Engine_MaterialFunctions01/Shading/ConvertFromDiffSpec.uasset" 262
"../../../Engine/Content/Functions/Engine_MaterialFunctions01/Shading/ConvertFromDiffSpec.uexp" 263
"../../../Engine/Content/EngineDebugMaterials/VertexColorMaterial.uasset" 264
"../../../Engine/Content/EngineDebugMaterials/VertexColorMaterial.uexp" 265
"../../../Engine/Content/EngineDebugMaterials/WireframeMaterial.uasset" 266
"../../../Engine/Content/EngineDebugMaterials/WireframeMaterial.uexp" 267
"../../../Engine/Content/EngineDebugMaterials/VolumeToRender.uasset" 268
"../../../Engine/Content/EngineDebugMaterials/VolumeToRender.uexp" 269
"../../../Engine/Content/Functions/Engine_MaterialFunctions02/Utility/CameraDirectionVector.uasset" 270
"../../../Engine/Content/Functions/Engine_MaterialFunctions02/Utility/CameraDirectionVector.uexp" 271
"../../../Engine/Content/EngineDebugMaterials/M_VolumeRenderSphereTracePP.uasset" 272
"../../../Engine/Content/EngineDebugMaterials/M_VolumeRenderSphereTracePP.uexp" 273
"../../../Engine/Content/EngineDebugMaterials/M_SimpleUnlitTranslucent.uasset" 274
"../../../Engine/Content/EngineDebugMaterials/M_SimpleUnlitTranslucent.uexp" 275
"../../../Engine/Content/EngineDebugMaterials/DebugMeshMaterial.uasset" 276
"../../../Engine/Content/EngineDebugMaterials/DebugMeshMaterial.uexp" 277
"../../../Engine/Content/EditorResources/S_Note.uasset" 278
"../../../Engine/Content/EditorResources/S_Note.uexp" 279
"../../../Engine/Content/EditorResources/S_Note.ubulk" 280
"../../../Engine/Content/EditorResources/S_Solver.uasset" 281
"../../../Engine/Content/EditorResources/S_Solver.uexp" 282
"../../../Engine/Content/EditorResources/S_Solver.ubulk" 283
"../../../Engine/Content/EditorResources/S_Terrain.uasset" 284
"../../../Engine/Content/EditorResources/S_Terrain.uexp" 285
"../../../Engine/Content/EditorResources/S_Terrain.ubulk" 286
"../../../Engine/Content/EditorResources/S_Trigger.uasset" 287
"../../../Engine/Content/EditorResources/S_Trigger.uexp" 288
"../../../Engine/Content/EditorResources/S_Trigger.ubulk" 289
"../../../Engine/Content/EditorResources/S_Actor.uasset" 290
"../../../Engine/Content/EditorResources/S_Actor.uexp" 291
"../../../Engine/Content/EditorResources/S_Actor.ubulk" 292
"../../../Engine/Content/EditorResources/EmptyActor.uasset" 293
"../../../Engine/Content/EditorResources/EmptyActor.uexp" 294
"../../../Engine/Content/EditorResources/BSPVertex.uasset" 295
"../../../Engine/Content/EditorResources/BSPVertex.uexp" 296
"../../../Engine/Content/EditorResources/SequenceRecorder/Countdown.uasset" 297
"../../../Engine/Content/EditorResources/SequenceRecorder/Countdown.uexp" 298
"../../../Engine/Content/EditorResources/SequenceRecorder/RecordingIndicator.uasset" 299
"../../../Engine/Content/EditorResources/SequenceRecorder/RecordingIndicator.uexp" 300
"../../../Engine/Content/EditorResources/LightIcons/S_LightError.uasset" 301
"../../../Engine/Content/EditorResources/LightIcons/S_LightError.uexp" 302
"../../../Engine/Content/EngineMaterials/DefaultMaterial.uasset" 303
"../../../Engine/Content/EngineMaterials/DefaultMaterial.uexp" 304
"../../../Engine/Content/BasicShapes/Cone.uasset" 305
"../../../Engine/Content/BasicShapes/Cone.uexp" 306
"../../../Engine/Content/BasicShapes/Cube.uasset" 307
"../../../Engine/Content/BasicShapes/Cube.uexp" 308
"../../../Engine/Content/BasicShapes/Plane.uasset" 309
"../../../Engine/Content/BasicShapes/Plane.uexp" 310
"../../../Engine/Content/BasicShapes/Sphere.uasset" 311
"../../../Engine/Content/BasicShapes/Sphere.uexp" 312
"../../../Engine/Content/Functions/Engine_MaterialFunctions01/Shading/PowerToRoughness.uasset" 313
"../../../Engine/Content/Functions/Engine_MaterialFunctions01/Shading/PowerToRoughness.uexp" 314
"../../../Engine/Content/EditorMaterials/PreviewShadowIndicator.uasset" 315
"../../../Engine/Content/EditorMaterials/PreviewShadowIndicator.uexp" 316
"../../../Engine/Content/EditorMaterials/PreviewShadowIndicator.ubulk" 317
"../../../Engine/Content/EditorMaterials/PreviewShadowIndicatorMaterial.uasset" 318
"../../../Engine/Content/EditorMaterials/PreviewShadowIndicatorMaterial.uexp" 319
"../../../Engine/Content/EditorMaterials/MAT_Groups_Toggle.uasset" 320
"../../../Engine/Content/EditorMaterials/MAT_Groups_Toggle.uexp" 321
"../../../Engine/Content/EditorMaterials/MAT_Groups_Visibility.uasset" 322
"../../../Engine/Content/EditorMaterials/MAT_Groups_Visibility.uexp" 323
"../../../Engine/Content/EditorMaterials/ParticleSystems/PSysThumbnail_NoImage.uasset" 324
"../../../Engine/Content/EditorMaterials/ParticleSystems/PSysThumbnail_NoImage.uexp" 325
"../../../Engine/Content/EditorMaterials/ParticleSystems/PSysThumbnail_NoImage.ubulk" 326
"../../../Engine/Content/EditorMaterials/ParticleSystems/PSysThumbnail_OOD.uasset" 327
"../../../Engine/Content/EditorMaterials/ParticleSystems/PSysThumbnail_OOD.uexp" 328
"../../../Engine/Content/EditorMaterials/ParticleSystems/PSysThumbnail_OOD.ubulk" 329
"../../../Engine/Content/EditorMaterials/MatineeGroups/MAT_Groups_Vector.uasset" 330
"../../../Engine/Content/EditorMaterials/MatineeGroups/MAT_Groups_Vector.uexp" 331
"../../../Engine/Content/EditorMaterials/MatineeGroups/MAT_ColorTrack.uasset" 332
"../../../Engine/Content/EditorMaterials/MatineeGroups/MAT_ColorTrack.uexp" 333
"../../../Engine/Content/EditorMaterials/MatineeGroups/MAT_Groups_AudioMaster.uasset" 334
"../../../Engine/Content/EditorMaterials/MatineeGroups/MAT_Groups_AudioMaster.uexp" 335
"../../../Engine/Content/EditorMaterials/MatineeGroups/MAT_Groups_Sound.uasset" 336
"../../../Engine/Content/EditorMaterials/MatineeGroups/MAT_Groups_Sound.uexp" 337
"../../../Engine/Content/EditorMaterials/MatineeGroups/MAT_Groups_Float.uasset" 338
"../../../Engine/Content/EditorMaterials/MatineeGroups/MAT_Groups_Float.uexp" 339
"../../../Engine/Content/EditorMaterials/MatineeGroups/MAT_Groups_Director.uasset" 340
"../../../Engine/Content/EditorMaterials/MatineeGroups/MAT_Groups_Director.uexp" 341
"../../../Engine/Content/EditorMaterials/MatineeGroups/MAT_Groups_Move.uasset" 342
"../../../Engine/Content/EditorMaterials/MatineeGroups/MAT_Groups_Move.uexp" 343
"../../../Engine/Content/EditorMaterials/MatineeGroups/MAT_Groups_Event.uasset" 344
"../../../Engine/Content/EditorMaterials/MatineeGroups/MAT_Groups_Event.uexp" 345
"../../../Engine/Content/EditorMaterials/MatineeGroups/MAT_Groups_Fade.uasset" 346
"../../../Engine/Content/EditorMaterials/MatineeGroups/MAT_Groups_Fade.uexp" 347
"../../../Engine/Content/EditorMaterials/MatineeGroups/MAT_Groups_Anim.uasset" 348
"../../../Engine/Content/EditorMaterials/MatineeGroups/MAT_Groups_Anim.uexp" 349
"../../../Engine/Content/EditorMaterials/MatineeGroups/MAT_Groups_Slomo.uasset" 350
"../../../Engine/Content/EditorMaterials/MatineeGroups/MAT_Groups_Slomo.uexp" 351
"../../../Engine/Content/EngineSounds/Master.uasset" 352
"../../../Engine/Content/EngineSounds/Master.uexp" 353
"../../../Engine/Content/EngineMeshes/Cylinder.uasset" 354
"../../../Engine/Content/EngineMeshes/Cylinder.uexp" 355
"../../../Engine/Content/EngineMeshes/Sphere.uasset" 356
"../../../Engine/Content/EngineMeshes/Sphere.uexp" 357
"../../../Engine/Content/EngineSky/VolumetricClouds/CloudWeatherTexture.uasset" 358
"../../../Engine/Content/EngineSky/VolumetricClouds/CloudWeatherTexture.uexp" 359
"../../../Engine/Content/EngineSky/VolumetricClouds/T_NoiseShape64.uasset" 360
"../../../Engine/Content/EngineSky/VolumetricClouds/T_NoiseShape64.uexp" 361
"../../../Engine/Content/EngineSky/VolumetricClouds/T_NoiseShape64.ubulk" 362
"../../../Engine/Content/EngineSky/VolumetricClouds/T_VolumeNoiseShape64.uasset" 363
"../../../Engine/Content/EngineSky/VolumetricClouds/T_VolumeNoiseShape64.uexp" 364
"../../../Engine/Content/EngineSky/VolumetricClouds/T_NoiseErosion.uasset" 365
"../../../Engine/Content/EngineSky/VolumetricClouds/T_NoiseErosion.uexp" 366
"../../../Engine/Content/EngineSky/VolumetricClouds/T_NoiseErosion.ubulk" 367
"../../../Engine/Content/EngineSky/VolumetricClouds/T_VolumeNoiseErosion32.uasset" 368
"../../../Engine/Content/EngineSky/VolumetricClouds/T_VolumeNoiseErosion32.uexp" 369
"../../../Engine/Content/EngineSky/VolumetricClouds/CloudGradientTexture.uasset" 370
"../../../Engine/Content/EngineSky/VolumetricClouds/CloudGradientTexture.uexp" 371
"../../../Engine/Content/Functions/Engine_MaterialFunctions02/Utility/MakeFloat2.uasset" 372
"../../../Engine/Content/Functions/Engine_MaterialFunctions02/Utility/MakeFloat2.uexp" 373
"../../../Engine/Content/EngineSky/VolumetricClouds/m_SimpleVolumetricCloud.uasset" 374
"../../../Engine/Content/EngineSky/VolumetricClouds/m_SimpleVolumetricCloud.uexp" 375
"../../../Engine/Content/EngineSky/VolumetricClouds/m_SimpleVolumetricCloud_Inst.uasset" 376
"../../../Engine/Content/EngineSky/VolumetricClouds/m_SimpleVolumetricCloud_Inst.uexp" 377
"../../../Engine/Content/VREditor/TransformGizmo/TranslucentTransformGizmoMaterial.uasset" 378
"../../../Engine/Content/VREditor/TransformGizmo/TranslucentTransformGizmoMaterial.uexp" 379
"../../../Engine/Content/VREditor/LaserPointer/VR_LaserPower_01.uasset" 380
"../../../Engine/Content/VREditor/LaserPointer/VR_LaserPower_01.uexp" 381
"../../../Engine/Content/VREditor/LaserPointer/VR_LaserPower_01.ubulk" 382
"../../../Engine/Content/VREditor/TransformGizmo/TransformGizmoMaterial.uasset" 383
"../../../Engine/Content/VREditor/TransformGizmo/TransformGizmoMaterial.uexp" 384
"../../../Engine/Content/VREditor/TransformGizmo/PlaneTranslationHandle.uasset" 385
"../../../Engine/Content/VREditor/TransformGizmo/PlaneTranslationHandle.uexp" 386
"../../../Engine/Content/VREditor/TransformGizmo/Xray.uasset" 387
"../../../Engine/Content/VREditor/TransformGizmo/Xray.uexp" 388
"../../../Engine/Content/VREditor/TransformGizmo/Main.uasset" 389
"../../../Engine/Content/VREditor/TransformGizmo/Main.uexp" 390
"../../../Engine/Content/VREditor/TransformGizmo/SM_Sequencer_Key.uasset" 391
"../../../Engine/Content/VREditor/TransformGizmo/SM_Sequencer_Key.uexp" 392
"../../../Engine/Content/VREditor/TransformGizmo/BoundingBoxCorner.uasset" 393
"../../../Engine/Content/VREditor/TransformGizmo/BoundingBoxCorner.uexp" 394
"../../../Engine/Content/VREditor/TransformGizmo/SM_Sequencer_Node.uasset" 395
"../../../Engine/Content/VREditor/TransformGizmo/SM_Sequencer_Node.uexp" 396
"../../../Engine/Content/VREditor/TransformGizmo/BoundingBoxEdge.uasset" 397
"../../../Engine/Content/VREditor/TransformGizmo/BoundingBoxEdge.uexp" 398
"../../../Engine/Content/BasicShapes/Cylinder.uasset" 399
"../../../Engine/Content/BasicShapes/Cylinder.uexp" 400
"../../../Engine/Content/ArtTools/RenderToTexture/Materials/Debug/M_Emissive_Color.uasset" 401
"../../../Engine/Content/ArtTools/RenderToTexture/Materials/Debug/M_Emissive_Color.uexp" 402
"../../../Engine/Plugins/Lumin/MagicLeapPassableWorld/Content/MagicLeapARPinInfoActor.uasset" 403
"../../../Engine/Plugins/Lumin/MagicLeapPassableWorld/Content/MagicLeapARPinInfoActor.uexp" 404
"../../../Engine/Plugins/2D/Paper2D/Content/PlaceholderTextures/DummySpriteTexture.uasset" 405
"../../../Engine/Plugins/2D/Paper2D/Content/PlaceholderTextures/DummySpriteTexture.uexp" 406
"../../../Engine/Plugins/2D/Paper2D/Content/PlaceholderTextures/DummySpriteTexture.ubulk" 407
"../../../Engine/Plugins/2D/Paper2D/Content/DefaultSpriteMaterial.uasset" 408
"../../../Engine/Plugins/2D/Paper2D/Content/DefaultSpriteMaterial.uexp" 409
"../../../Engine/Plugins/2D/Paper2D/Content/OpaqueUnlitSpriteMaterial.uasset" 410
"../../../Engine/Plugins/2D/Paper2D/Content/OpaqueUnlitSpriteMaterial.uexp" 411
"../../../Engine/Plugins/2D/Paper2D/Content/DummySprite.uasset" 412
"../../../Engine/Plugins/2D/Paper2D/Content/DummySprite.uexp" 413
"../../../Engine/Plugins/2D/Paper2D/Content/DefaultPaperTerrainMaterial.uasset" 414
"../../../Engine/Plugins/2D/Paper2D/Content/DefaultPaperTerrainMaterial.uexp" 415
"../../../Engine/Plugins/2D/Paper2D/Content/MaskedUnlitSpriteMaterial.uasset" 416
"../../../Engine/Plugins/2D/Paper2D/Content/MaskedUnlitSpriteMaterial.uexp" 417
"../../../Engine/Plugins/Editor/SpeedTreeImporter/Content/SpeedTree9/EmptyNormal.uasset" 418
"../../../Engine/Plugins/Editor/SpeedTreeImporter/Content/SpeedTree9/EmptyNormal.uexp" 419
"../../../Engine/Plugins/Editor/SpeedTreeImporter/Content/SpeedTree9/Empty.uasset" 420
"../../../Engine/Plugins/Editor/SpeedTreeImporter/Content/SpeedTree9/Empty.uexp" 421
"../../../Engine/Content/Functions/Engine_MaterialFunctions02/Utility/BreakOutFloat3Components.uasset" 422
"../../../Engine/Content/Functions/Engine_MaterialFunctions02/Utility/BreakOutFloat3Components.uexp" 423
"../../../Engine/Plugins/Editor/SpeedTreeImporter/Content/SpeedTree9/UnpackInteger3.uasset" 424
"../../../Engine/Plugins/Editor/SpeedTreeImporter/Content/SpeedTree9/UnpackInteger3.uexp" 425
"../../../Engine/Plugins/Editor/SpeedTreeImporter/Content/SpeedTree9/SpeedTreeBillboard.uasset" 426
"../../../Engine/Plugins/Editor/SpeedTreeImporter/Content/SpeedTree9/SpeedTreeBillboard.uexp" 427
"../../../Engine/Plugins/Editor/SpeedTreeImporter/Content/SpeedTree9/UnpackDirection.uasset" 428
"../../../Engine/Plugins/Editor/SpeedTreeImporter/Content/SpeedTree9/UnpackDirection.uexp" 429
"../../../Engine/Plugins/Editor/SpeedTreeImporter/Content/SpeedTree9/game_wind_noise.uasset" 430
"../../../Engine/Plugins/Editor/SpeedTreeImporter/Content/SpeedTree9/game_wind_noise.uexp" 431
"../../../Engine/Plugins/Editor/SpeedTreeImporter/Content/SpeedTree9/game_wind_noise.ubulk" 432
"../../../Engine/Content/Functions/Engine_MaterialFunctions02/SafeNormalize.uasset" 433
"../../../Engine/Content/Functions/Engine_MaterialFunctions02/SafeNormalize.uexp" 434
"../../../Engine/Plugins/Editor/SpeedTreeImporter/Content/SpeedTree9/SpeedTreeWindMotion.uasset" 435
"../../../Engine/Plugins/Editor/SpeedTreeImporter/Content/SpeedTree9/SpeedTreeWindMotion.uexp" 436
"../../../Engine/Plugins/Editor/SpeedTreeImporter/Content/SpeedTree9/SpeedTreeBranchMotion.uasset" 437
"../../../Engine/Plugins/Editor/SpeedTreeImporter/Content/SpeedTree9/SpeedTreeBranchMotion.uexp" 438
"../../../Engine/Content/Functions/Engine_MaterialFunctions02/ObjectLocalBounds.uasset" 439
"../../../Engine/Content/Functions/Engine_MaterialFunctions02/ObjectLocalBounds.uexp" 440
"../../../Engine/Content/Functions/Engine_MaterialFunctions02/UVs/BoundingBoxBased_0-1_UVW.uasset" 441
"../../../Engine/Content/Functions/Engine_MaterialFunctions02/UVs/BoundingBoxBased_0-1_UVW.uexp" 442
"../../../Engine/Content/Functions/Engine_MaterialFunctions02/Utility/VectorLength.uasset" 443
"../../../Engine/Content/Functions/Engine_MaterialFunctions02/Utility/VectorLength.uexp" 444
"../../../Engine/Content/Functions/Engine_MaterialFunctions02/WorldPositionOffset/ObjectScale.uasset" 445
"../../../Engine/Content/Functions/Engine_MaterialFunctions02/WorldPositionOffset/ObjectScale.uexp" 446
"../../../Engine/Plugins/Editor/SpeedTreeImporter/Content/SpeedTree9/SpeedTreeWind.uasset" 447
"../../../Engine/Plugins/Editor/SpeedTreeImporter/Content/SpeedTree9/SpeedTreeWind.uexp" 448
"../../../Engine/Plugins/Editor/SpeedTreeImporter/Content/SpeedTree9/SpeedTreeBillboardMaster.uasset" 449
"../../../Engine/Plugins/Editor/SpeedTreeImporter/Content/SpeedTree9/SpeedTreeBillboardMaster.uexp" 450
"../../../Engine/Plugins/Editor/SpeedTreeImporter/Content/SpeedTree9/SpeedTreeCameraFacing.uasset" 451
"../../../Engine/Plugins/Editor/SpeedTreeImporter/Content/SpeedTree9/SpeedTreeCameraFacing.uexp" 452
"../../../Engine/Plugins/Editor/SpeedTreeImporter/Content/SpeedTree9/SpeedTreeMaster.uasset" 453
"../../../Engine/Plugins/Editor/SpeedTreeImporter/Content/SpeedTree9/SpeedTreeMaster.uexp" 454
"/Users/yinguanyu/Documents/Unreal Projects/UE4TencentProject/Content/ThirdPersonCPP/Maps/ThirdPersonExampleMap_BuiltData.uasset" 455
"/Users/yinguanyu/Documents/Unreal Projects/UE4TencentProject/Content/ThirdPersonCPP/Maps/ThirdPersonExampleMap_BuiltData.uexp" 456
"/Users/yinguanyu/Documents/Unreal Projects/UE4TencentProject/Content/ThirdPersonCPP/Maps/ThirdPersonExampleMap_BuiltData.ubulk" 457
"/Users/yinguanyu/Documents/Unreal Projects/UE4TencentProject/Content/Geometry/Meshes/CubeMaterial.uasset" 458
"/Users/yinguanyu/Documents/Unreal Projects/UE4TencentProject/Content/Geometry/Meshes/CubeMaterial.uexp" 459
"/Users/yinguanyu/Documents/Unreal Projects/UE4TencentProject/Content/Geometry/Meshes/1M_Cube_Chamfer.uasset" 460
"/Users/yinguanyu/Documents/Unreal Projects/UE4TencentProject/Content/Geometry/Meshes/1M_Cube_Chamfer.uexp" 461
"/Users/yinguanyu/Documents/Unreal Projects/UE4TencentProject/Content/Geometry/Meshes/1M_Cube.uasset" 462
"/Users/yinguanyu/Documents/Unreal Projects/UE4TencentProject/Content/Geometry/Meshes/1M_Cube.uexp" 463
"/Users/yinguanyu/Documents/Unreal Projects/UE4TencentProject/Content/Geometry/Meshes/TemplateFloor.uasset" 464
"/Users/yinguanyu/Documents/Unreal Projects/UE4TencentProject/Content/Geometry/Meshes/TemplateFloor.uexp" 465
"/Users/yinguanyu/Documents/Unreal Projects/UE4TencentProject/Content/ThirdPerson/Meshes/RampMaterial.uasset" 466
"/Users/yinguanyu/Documents/Unreal Projects/UE4TencentProject/Content/ThirdPerson/Meshes/RampMaterial.uexp" 467
"/Users/yinguanyu/Documents/Unreal Projects/UE4TencentProject/Content/ThirdPerson/Meshes/LeftArm_StaticMesh.uasset" 468
"/Users/yinguanyu/Documents/Unreal Projects/UE4TencentProject/Content/ThirdPerson/Meshes/LeftArm_StaticMesh.uexp" 469
"/Users/yinguanyu/Documents/Unreal Projects/UE4TencentProject/Content/ThirdPerson/Meshes/Linear_Stair_StaticMesh.uasset" 470
"/Users/yinguanyu/Documents/Unreal Projects/UE4TencentProject/Content/ThirdPerson/Meshes/Linear_Stair_StaticMesh.uexp" 471
"/Users/yinguanyu/Documents/Unreal Projects/UE4TencentProject/Content/ThirdPerson/Meshes/RightArm_StaticMesh.uasset" 472
"/Users/yinguanyu/Documents/Unreal Projects/UE4TencentProject/Content/ThirdPerson/Meshes/RightArm_StaticMesh.uexp" 473
"/Users/yinguanyu/Documents/Unreal Projects/UE4TencentProject/Content/ThirdPerson/Meshes/Ramp_StaticMesh.uasset" 474
"/Users/yinguanyu/Documents/Unreal Projects/UE4TencentProject/Content/ThirdPerson/Meshes/Ramp_StaticMesh.uexp" 475
"/Users/yinguanyu/Documents/Unreal Projects/UE4TencentProject/Content/ThirdPerson/Meshes/Bump_StaticMesh.uasset" 476
"/Users/yinguanyu/Documents/Unreal Projects/UE4TencentProject/Content/ThirdPerson/Meshes/Bump_StaticMesh.uexp" 477
"../../../Engine/Content/EngineSky/T_Sky_Stars.uasset" 478
"../../../Engine/Content/EngineSky/T_Sky_Stars.uexp" 479
"../../../Engine/Content/EngineSky/T_Sky_Stars.ubulk" 480
"../../../Engine/Content/EngineSky/T_Sky_Clouds_M.uasset" 481
"../../../Engine/Content/EngineSky/T_Sky_Clouds_M.uexp" 482
"../../../Engine/Content/EngineSky/T_Sky_Clouds_M.ubulk" 483
"../../../Engine/Content/EngineSky/T_Sky_Blue.uasset" 484
"../../../Engine/Content/EngineSky/T_Sky_Blue.uexp" 485
"../../../Engine/Content/EngineSky/T_Sky_Blue.ubulk" 486
"../../../Engine/Content/EngineSky/M_Sky_Panning_Clouds2.uasset" 487
"../../../Engine/Content/EngineSky/M_Sky_Panning_Clouds2.uexp" 488
"../../../Engine/Content/EngineSky/C_Sky_Horizon_Color.uasset" 489
"../../../Engine/Content/EngineSky/C_Sky_Horizon_Color.uexp" 490
"../../../Engine/Content/EngineSky/C_Sky_Cloud_Color.uasset" 491
"../../../Engine/Content/EngineSky/C_Sky_Cloud_Color.uexp" 492
"../../../Engine/Content/EngineSky/C_Sky_Zenith_Color.uasset" 493
"../../../Engine/Content/EngineSky/C_Sky_Zenith_Color.uexp" 494
"../../../Engine/Content/EngineSky/SM_SkySphere.uasset" 495
"../../../Engine/Content/EngineSky/SM_SkySphere.uexp" 496
"../../../Engine/Content/EditorBlueprintResources/StandardMacros.uasset" 497
"../../../Engine/Content/EditorBlueprintResources/StandardMacros.uexp" 498
"../../../Engine/Content/EngineSky/BP_Sky_Sphere.uasset" 499
"../../../Engine/Content/EngineSky/BP_Sky_Sphere.uexp" 500
"/Users/yinguanyu/Documents/Unreal Projects/UE4TencentProject/Content/Mannequin/Animations/ThirdPersonWalk.uasset" 501
"/Users/yinguanyu/Documents/Unreal Projects/UE4TencentProject/Content/Mannequin/Animations/ThirdPersonWalk.uexp" 502
"/Users/yinguanyu/Documents/Unreal Projects/UE4TencentProject/Content/Mannequin/Animations/ThirdPersonIdle.uasset" 503
"/Users/yinguanyu/Documents/Unreal Projects/UE4TencentProject/Content/Mannequin/Animations/ThirdPersonIdle.uexp" 504
"/Users/yinguanyu/Documents/Unreal Projects/UE4TencentProject/Content/Mannequin/Animations/ThirdPersonRun.uasset" 505
"/Users/yinguanyu/Documents/Unreal Projects/UE4TencentProject/Content/Mannequin/Animations/ThirdPersonRun.uexp" 506
"/Users/yinguanyu/Documents/Unreal Projects/UE4TencentProject/Content/Mannequin/Animations/ThirdPerson_IdleRun_2D.uasset" 507
"/Users/yinguanyu/Documents/Unreal Projects/UE4TencentProject/Content/Mannequin/Animations/ThirdPerson_IdleRun_2D.uexp" 508
"/Users/yinguanyu/Documents/Unreal Projects/UE4TencentProject/Content/Mannequin/Animations/ThirdPerson_Jump.uasset" 509
"/Users/yinguanyu/Documents/Unreal Projects/UE4TencentProject/Content/Mannequin/Animations/ThirdPerson_Jump.uexp" 510
"/Users/yinguanyu/Documents/Unreal Projects/UE4TencentProject/Content/Mannequin/Animations/ThirdPersonJump_Loop.uasset" 511
"/Users/yinguanyu/Documents/Unreal Projects/UE4TencentProject/Content/Mannequin/Animations/ThirdPersonJump_Loop.uexp" 512
"/Users/yinguanyu/Documents/Unreal Projects/UE4TencentProject/Content/Mannequin/Animations/ThirdPersonJump_Start.uasset" 513
"/Users/yinguanyu/Documents/Unreal Projects/UE4TencentProject/Content/Mannequin/Animations/ThirdPersonJump_Start.uexp" 514
"/Users/yinguanyu/Documents/Unreal Projects/UE4TencentProject/Content/Mannequin/Animations/ThirdPerson_AnimBP.uasset" 515
"/Users/yinguanyu/Documents/Unreal Projects/UE4TencentProject/Content/Mannequin/Animations/ThirdPerson_AnimBP.uexp" 516
"/Users/yinguanyu/Documents/Unreal Projects/UE4TencentProject/Content/Mannequin/Character/Mesh/SK_Mannequin_PhysicsAsset.uasset" 517
"/Users/yinguanyu/Documents/Unreal Projects/UE4TencentProject/Content/Mannequin/Character/Mesh/SK_Mannequin_PhysicsAsset.uexp" 518
"/Users/yinguanyu/Documents/Unreal Projects/UE4TencentProject/Content/Mannequin/Character/Mesh/SK_Mannequin.uasset" 519
"/Users/yinguanyu/Documents/Unreal Projects/UE4TencentProject/Content/Mannequin/Character/Mesh/SK_Mannequin.uexp" 520
"/Users/yinguanyu/Documents/Unreal Projects/UE4TencentProject/Content/ThirdPersonCPP/Blueprints/ThirdPersonCharacter.uasset" 521
"/Users/yinguanyu/Documents/Unreal Projects/UE4TencentProject/Content/ThirdPersonCPP/Blueprints/ThirdPersonCharacter.uexp" 522
"/Users/yinguanyu/Documents/Unreal Projects/UE4TencentProject/Content/ThirdPersonCPP/Maps/ThirdPersonExampleMap.uexp" 523
"/Users/yinguanyu/Documents/Unreal Projects/UE4TencentProject/Content/ThirdPersonCPP/Maps/ThirdPersonExampleMap.umap" 524
"../../../Engine/Content/Maps/Entry_BuiltData.uasset" 525
"../../../Engine/Content/Maps/Entry_BuiltData.uexp" 526
"../../../Engine/Content/Maps/Entry.uexp" 527
"../../../Engine/Content/Maps/Entry.umap" 528
